INFO(ORCAP-26003): List of verified / corrected packages

Solder_Jumper
INFO(ORCAP-26011): No duplicate Pin names

TPS63061
INFO(ORCAP-26011): No duplicate Pin names

IP4282CZ6
INFO(ORCAP-26011): No duplicate Pin names

BB-HEADER-46
INFO(ORCAP-26011): No duplicate Pin names

CAT24C256
INFO(ORCAP-26011): No duplicate Pin names

BAT54-7-F
INFO(ORCAP-26011): No duplicate Pin names

MCP1702
INFO(ORCAP-26011): No duplicate Pin names

PDI_HEADER
INFO(ORCAP-26011): No duplicate Pin names

ATXMEGA32E5-AN
INFO(ORCAP-26011): No duplicate Pin names

WM5461CT-ND
INFO(ORCAP-26011): No duplicate Pin names

Jumper_2
INFO(ORCAP-26011): No duplicate Pin names

Jumper_3
INFO(ORCAP-26011): No duplicate Pin names

DXL-AX-SOCKET-3
INFO(ORCAP-26011): No duplicate Pin names

INA219
INFO(ORCAP-26011): No duplicate Pin names

ATMEGA32U2
INFO(ORCAP-26011): No duplicate Pin names

NCP45520
INFO(ORCAP-26011): No duplicate Pin names

SIA461DJ
INFO(ORCAP-26011): No duplicate Pin names

BQ24610
INFO(ORCAP-26011): No duplicate Pin names

INFO(ORCAP-26015): No part in this library has duplicate pin names
