INFO(ORCAP-26003): List of verified / corrected packages

Solder_Jumper
INFO(ORCAP-26010): No missing Pin numbers

TPS63061
INFO(ORCAP-26010): No missing Pin numbers

IP4282CZ6
INFO(ORCAP-26010): No missing Pin numbers

BB-HEADER-46
INFO(ORCAP-26010): No missing Pin numbers

CAT24C256
INFO(ORCAP-26010): No missing Pin numbers

BAT54-7-F
INFO(ORCAP-26010): No missing Pin numbers

MCP1702
INFO(ORCAP-26010): No missing Pin numbers

PDI_HEADER
INFO(ORCAP-26010): No missing Pin numbers

ATXMEGA32E5-AN
INFO(ORCAP-26010): No missing Pin numbers

WM5461CT-ND
INFO(ORCAP-26010): No missing Pin numbers

Jumper_2
INFO(ORCAP-26010): No missing Pin numbers

Jumper_3
INFO(ORCAP-26010): No missing Pin numbers

DXL-AX-SOCKET-3
INFO(ORCAP-26010): No missing Pin numbers

INA219
INFO(ORCAP-26010): No missing Pin numbers

ATMEGA32U2
INFO(ORCAP-26010): No missing Pin numbers

NCP45520
INFO(ORCAP-26010): No missing Pin numbers

SIA461DJ
INFO(ORCAP-26010): No missing Pin numbers

BQ24610
INFO(ORCAP-26010): No missing Pin numbers

INFO(ORCAP-26016): No part in this library has missing pin number
